STL translation to Solid Edge
Date: 星期四,二月 27,2020 09:57上午
Source File:C:\Users\yumo1\OneDrive\400417prj\assm part\sample\arm-bottom-plate.STL
Author: Unknown
Organization: Unknown
Source System: DEX

Hardware:
Processor: Intel(R) Core(TM) i7-3770 CPU @ 3.40GHz
Operating System: Windows 10 Professional
Installed Memory: 15.95 GB

Software Information:
Parasolid Version: 31.1.255
PSBodyshop Version: 31.1.110
Solid Edge Version: 220.00.00.104 x64

STL Import Options
Heal Mesh Faults:Off
Make Base Feature:On
Enable Logging:On

Translation progress:
Translation process completed
Time required to translate:00 : 00 : 04
